<?xml version="1.0" encoding="UTF-8"?>
<!-- Generated by org.testng.reporters.JUnitXMLReporter -->
<testsuite ignored="0" hostname="DESKTOP-Q75J1RK" failures="1" tests="6" name="Test" time="38.595" errors="0" timestamp="2022-03-17T13:43:53 IST">
  <testcase classname="com.simplilearn.grouptest.FacebookLoginTestNG_UsingGroup.FacebookFailTestCase" name="launchFacebook" time="23.574"/>
  <testcase classname="com.simplilearn.grouptest.FacebookLoginTestNG_UsingGroup.FacbookLogin" name="launchFacebook" time="4.464"/>
  <testcase classname="com.simplilearn.grouptest.FacebookLoginTestNG_UsingGroup.FacebookFailTestCase" name="login" time="0.368"/>
  <testcase classname="com.simplilearn.grouptest.FacebookLoginTestNG_UsingGroup.FacbookLogin" name="login" time="0.487"/>
  <testcase classname="com.simplilearn.grouptest.FacebookLoginTestNG_UsingGroup.FacebookFailTestCase" name="launchFirefox" time="0.343">
    <failure type="org.openqa.selenium.WebDriverException" message="Cannot find firefox binary in PATH. Make sure firefox is installed. OS appears to be: WIN10
Build info: version: &amp;apos;4.1.2&amp;apos;, revision: &amp;apos;9a5a329c5a&amp;apos;
System info: host: &amp;apos;DESKTOP-Q75J1RK&amp;apos;, ip: &amp;apos;192.168.170.17&amp;apos;, os.name: &amp;apos;Windows 10&amp;apos;, os.arch: &amp;apos;amd64&amp;apos;, os.version: &amp;apos;10.0&amp;apos;, java.version: &amp;apos;17.0.2&amp;apos;
Driver info: driver.version: FirefoxDriver">
      <![CDATA[org.openqa.selenium.WebDriverException: Cannot find firefox binary in PATH. Make sure firefox is installed. OS appears to be: WIN10
Build info: version: '4.1.2', revision: '9a5a329c5a'
System info: host: 'DESKTOP-Q75J1RK', ip: '192.168.170.17', os.name: 'Windows 10', os.arch: 'amd64', os.version: '10.0', java.version: '17.0.2'
Driver info: driver.version: FirefoxDriver
at org.openqa.selenium.firefox.FirefoxBinary.<init>(FirefoxBinary.java:95)
at java.base/java.util.Optional.orElseGet(Optional.java:364)
at org.openqa.selenium.firefox.FirefoxOptions.getBinary(FirefoxOptions.java:189)
at org.openqa.selenium.firefox.GeckoDriverService$Builder.withOptions(GeckoDriverService.java:179)
at org.openqa.selenium.firefox.FirefoxDriver.toExecutor(FirefoxDriver.java:176)
at org.openqa.selenium.firefox.FirefoxDriver.<init>(FirefoxDriver.java:125)
at org.openqa.selenium.firefox.FirefoxDriver.<init>(FirefoxDriver.java:106)
at com.simplilearn.grouptest.FacebookLoginTestNG_UsingGroup.FacebookFailTestCase.launchFirefox(FacebookFailTestCase.java:38)
at java.base/java.util.ArrayList.forEach(ArrayList.java:1511)
... Removed 27 stack frames]]>
    </failure>
  </testcase> <!-- launchFirefox -->
  <testcase classname="com.simplilearn.grouptest.FacebookLoginTestNG_UsingGroup.FacebookFailTestCase" name="loginWithFirefox" time="0.0">
    <skipped/>
  </testcase> <!-- loginWithFirefox -->
</testsuite> <!-- Test -->
